Tue Aug 30 13:50:10 CST 2016  [debug] AvalonLogSystem initialized using logfile 'E:\javalx\.metadata\.plugins\com.genuitec.eclipse.templates\velocity.log'
Tue Aug 30 13:50:10 CST 2016   [info] ************************************************************** 
Tue Aug 30 13:50:10 CST 2016   [info] Starting Jakarta Velocity v1.4
Tue Aug 30 13:50:10 CST 2016   [info] RuntimeInstance initializing.
Tue Aug 30 13:50:10 CST 2016   [info] Default Properties File: org\apache\velocity\runtime\defaults\velocity.properties
Tue Aug 30 13:50:10 CST 2016   [info] Trying to use logger class org.apache.velocity.runtime.log.AvalonLogSystem
Tue Aug 30 13:50:10 CST 2016   [info] Using logger class org.apache.velocity.runtime.log.AvalonLogSystem
Tue Aug 30 13:50:10 CST 2016   [info] Default ResourceManager initializing. (class org.apache.velocity.runtime.resource.ResourceManagerImpl)
Tue Aug 30 13:50:10 CST 2016   [info] Resource Loader Instantiated: com.genuitec.eclipse.templates.internal.PluginResourceLoader
Tue Aug 30 13:50:10 CST 2016   [info] ResourceCache : initialized. (class org.apache.velocity.runtime.resource.ResourceCacheImpl)
Tue Aug 30 13:50:10 CST 2016   [info] Default ResourceManager initialization complete.
Tue Aug 30 13:50:10 CST 2016   [info] Loaded System Directive: org.apache.velocity.runtime.directive.Literal
Tue Aug 30 13:50:10 CST 2016   [info] Loaded System Directive: org.apache.velocity.runtime.directive.Macro
Tue Aug 30 13:50:10 CST 2016   [info] Loaded System Directive: org.apache.velocity.runtime.directive.Parse
Tue Aug 30 13:50:10 CST 2016   [info] Loaded System Directive: org.apache.velocity.runtime.directive.Include
Tue Aug 30 13:50:10 CST 2016   [info] Loaded System Directive: org.apache.velocity.runtime.directive.Foreach
Tue Aug 30 13:50:10 CST 2016   [info] Created: 20 parsers.
Tue Aug 30 13:50:10 CST 2016   [info] Velocimacro : initialization starting.
Tue Aug 30 13:50:10 CST 2016   [info] Velocimacro : adding VMs from VM library template : VM_global_library.vm
Tue Aug 30 13:50:10 CST 2016  [error] ResourceManager : unable to find resource 'VM_global_library.vm' in any resource loader.
Tue Aug 30 13:50:10 CST 2016   [info] Velocimacro : error using  VM library template VM_global_library.vm : org.apache.velocity.exception.ResourceNotFoundException: Unable to find resource 'VM_global_library.vm'
Tue Aug 30 13:50:10 CST 2016   [info] Velocimacro :  VM library template macro registration complete.
Tue Aug 30 13:50:10 CST 2016   [info] Velocimacro : allowInline = true : VMs can be defined inline in templates
Tue Aug 30 13:50:10 CST 2016   [info] Velocimacro : allowInlineToOverride = true : VMs defined inline may replace previous VM definitions
Tue Aug 30 13:50:10 CST 2016   [info] Velocimacro : allowInlineLocal = true : VMs defined inline will be local to their defining template only.
Tue Aug 30 13:50:10 CST 2016   [info] Velocimacro : messages on  : VM system will output logging messages
Tue Aug 30 13:50:10 CST 2016   [info] Velocimacro : autoload off  : VM system will not automatically reload global library macros
Tue Aug 30 13:50:10 CST 2016   [info] Velocimacro : initialization complete.
Tue Aug 30 13:50:10 CST 2016   [info] Velocity successfully started.
Tue Aug 30 13:50:10 CST 2016   [info] ResourceManager : found templates/html/Html.vtl with loader com.genuitec.eclipse.templates.internal.PluginResourceLoader
Tue Aug 30 13:50:10 CST 2016   [info] ResourceManager : found templates/html/HTMLMetaTags.vtl with loader com.genuitec.eclipse.templates.internal.PluginResourceLoader
